<?xml version="1.0" encoding="UTF-8"?>
<!-- Generated by org.testng.reporters.JUnitXMLReporter -->
<testsuite ignored="0" hostname="DESKTOP-N2893VI" failures="0" tests="4" name="Test" time="0.086" errors="0" timestamp="13 Dec 2022 01:55:03 GMT">
  <testcase classname="metagrouping.Prac_Metagrp" name="he" time="0.023"/>
  <testcase classname="metagrouping.Prac_Metagrp" name="jd" time="0.003"/>
  <testcase classname="metagrouping.Prac_Metagrp" name="ks" time="0.003"/>
  <testcase classname="metagrouping.Prac_Metagrp" name="le" time="0.003"/>
</testsuite> <!-- Test -->
