<?xml version="1.0" encoding="UTF-8"?>
<testng-results ignored="0" total="6" passed="6" failed="0" skipped="0">
  <reporter-output>
  </reporter-output>
  <suite started-at="2023-01-17T14:31:35 GMT-08:00" name="Default suite" finished-at="2023-01-17T14:31:35 GMT-08:00" duration-ms="169">
    <groups>
    </groups>
    <test started-at="2023-01-17T14:31:35 GMT-08:00" name="Default test" finished-at="2023-01-17T14:31:35 GMT-08:00" duration-ms="169">
      <class name="Kenjale.PracticeMaven.Prioritypractice">
        <test-method signature="def()[pri:0, instance:Kenjale.PracticeMaven.Prioritypractice@15eb5ee5]" started-at="2023-01-17T14:31:35 GMT-08:00" name="def" finished-at="2023-01-17T14:31:35 GMT-08:00" duration-ms="19" status="PASS">
          <reporter-output>
          </reporter-output>
        </test-method> <!-- def -->
        <test-method signature="hij()[pri:0, instance:Kenjale.PracticeMaven.Prioritypractice@15eb5ee5]" started-at="2023-01-17T14:31:35 GMT-08:00" name="hij" finished-at="2023-01-17T14:31:35 GMT-08:00" duration-ms="4" status="PASS">
          <reporter-output>
          </reporter-output>
        </test-method> <!-- hij -->
        <test-method signature="pqr()[pri:0, instance:Kenjale.PracticeMaven.Prioritypractice@15eb5ee5]" started-at="2023-01-17T14:31:35 GMT-08:00" name="pqr" finished-at="2023-01-17T14:31:35 GMT-08:00" duration-ms="3" status="PASS">
          <reporter-output>
          </reporter-output>
        </test-method> <!-- pqr -->
        <test-method signature="xyz()[pri:0, instance:Kenjale.PracticeMaven.Prioritypractice@15eb5ee5]" started-at="2023-01-17T14:31:35 GMT-08:00" name="xyz" finished-at="2023-01-17T14:31:35 GMT-08:00" duration-ms="6" status="PASS">
          <reporter-output>
          </reporter-output>
        </test-method> <!-- xyz -->
        <test-method signature="aks()[pri:2, instance:Kenjale.PracticeMaven.Prioritypractice@15eb5ee5]" started-at="2023-01-17T14:31:35 GMT-08:00" name="aks" finished-at="2023-01-17T14:31:35 GMT-08:00" duration-ms="12" status="PASS">
          <reporter-output>
          </reporter-output>
        </test-method> <!-- aks -->
        <test-method signature="aks2()[pri:2, instance:Kenjale.PracticeMaven.Prioritypractice@15eb5ee5]" started-at="2023-01-17T14:31:35 GMT-08:00" name="aks2" finished-at="2023-01-17T14:31:35 GMT-08:00" duration-ms="9" status="PASS">
          <reporter-output>
          </reporter-output>
        </test-method> <!-- aks2 -->
      </class> <!-- Kenjale.PracticeMaven.Prioritypractice -->
    </test> <!-- Default test -->
  </suite> <!-- Default suite -->
</testng-results>
