<?xml version="1.0" encoding="UTF-8"?>
<testng-results ignored="0" total="1" passed="1" failed="0" skipped="0">
  <reporter-output>
  </reporter-output>
  <suite started-at="2023-02-27T17:13:27 GMT-08:00" name="Default suite" finished-at="2023-02-27T17:13:29 GMT-08:00" duration-ms="2663">
    <groups>
    </groups>
    <test started-at="2023-02-27T17:13:27 GMT-08:00" name="Default test" finished-at="2023-02-27T17:13:29 GMT-08:00" duration-ms="2663">
      <class name="first_api.LibraryAPI">
        <test-method signature="byfromsavedfile()[pri:0, instance:first_api.LibraryAPI@1725dc0f]" started-at="2023-02-27T17:13:27 GMT-08:00" name="byfromsavedfile" finished-at="2023-02-27T17:13:29 GMT-08:00" duration-ms="2589" status="PASS">
          <reporter-output>
          </reporter-output>
        </test-method> <!-- byfromsavedfile -->
      </class> <!-- first_api.LibraryAPI -->
    </test> <!-- Default test -->
  </suite> <!-- Default suite -->
</testng-results>
