<?xml version="1.0" encoding="UTF-8"?>
<testng-results ignored="0" total="2" passed="2" failed="0" skipped="0">
  <reporter-output>
  </reporter-output>
  <suite started-at="2023-01-06T16:43:08 GMT-08:00" name="Default suite" finished-at="2023-01-06T16:44:08 GMT-08:00" duration-ms="60955">
    <groups>
    </groups>
    <test started-at="2023-01-06T16:43:08 GMT-08:00" name="Default test" finished-at="2023-01-06T16:44:08 GMT-08:00" duration-ms="60955">
      <class name="ai.ds.testlayer.Buyfunctionality">
        <test-method is-config="true" signature="start()[pri:0, instance:ai.ds.testlayer.Buyfunctionality@36bc55de]" started-at="2023-01-06T16:43:08 GMT-08:00" name="start" finished-at="2023-01-06T16:43:08 GMT-08:00" duration-ms="342" status="PASS">
          <reporter-output>
          </reporter-output>
        </test-method> <!-- start -->
        <test-method is-config="true" signature="setup()[pri:0, instance:ai.ds.testlayer.Buyfunctionality@36bc55de]" started-at="2023-01-06T16:43:09 GMT-08:00" name="setup" finished-at="2023-01-06T16:43:32 GMT-08:00" duration-ms="23177" status="PASS">
          <reporter-output>
          </reporter-output>
        </test-method> <!-- setup -->
        <test-method signature="verifyBuyLongtermorder(java.lang.String)[pri:0, instance:ai.ds.testlayer.Buyfunctionality@36bc55de]" started-at="2023-01-06T16:43:32 GMT-08:00" name="verifyBuyLongtermorder" data-provider="Stock names" finished-at="2023-01-06T16:43:45 GMT-08:00" duration-ms="12183" status="PASS">
          <params>
            <param index="0">
              <value>
                <![CDATA[Tata Motors]]>
              </value>
            </param>
          </params>
          <reporter-output>
          </reporter-output>
        </test-method> <!-- verifyBuyLongtermorder -->
        <test-method is-config="true" signature="teardown()[pri:0, instance:ai.ds.testlayer.Buyfunctionality@36bc55de]" started-at="2023-01-06T16:43:45 GMT-08:00" name="teardown" finished-at="2023-01-06T16:43:45 GMT-08:00" duration-ms="1" status="PASS">
          <reporter-output>
          </reporter-output>
        </test-method> <!-- teardown -->
        <test-method is-config="true" signature="setup()[pri:0, instance:ai.ds.testlayer.Buyfunctionality@36bc55de]" started-at="2023-01-06T16:43:45 GMT-08:00" name="setup" finished-at="2023-01-06T16:43:56 GMT-08:00" duration-ms="11754" status="PASS">
          <reporter-output>
          </reporter-output>
        </test-method> <!-- setup -->
        <test-method signature="verifyBuyLongtermorder(java.lang.String)[pri:0, instance:ai.ds.testlayer.Buyfunctionality@36bc55de]" started-at="2023-01-06T16:43:56 GMT-08:00" name="verifyBuyLongtermorder" data-provider="Stock names" finished-at="2023-01-06T16:44:08 GMT-08:00" duration-ms="12096" status="PASS">
          <params>
            <param index="0">
              <value>
                <![CDATA[Axis Bank]]>
              </value>
            </param>
          </params>
          <reporter-output>
          </reporter-output>
        </test-method> <!-- verifyBuyLongtermorder -->
        <test-method is-config="true" signature="teardown()[pri:0, instance:ai.ds.testlayer.Buyfunctionality@36bc55de]" started-at="2023-01-06T16:44:08 GMT-08:00" name="teardown" finished-at="2023-01-06T16:44:08 GMT-08:00" duration-ms="0" status="PASS">
          <reporter-output>
          </reporter-output>
        </test-method> <!-- teardown -->
        <test-method is-config="true" signature="end()[pri:0, instance:ai.ds.testlayer.Buyfunctionality@36bc55de]" started-at="2023-01-06T16:44:08 GMT-08:00" name="end" finished-at="2023-01-06T16:44:08 GMT-08:00" duration-ms="2" status="PASS">
          <reporter-output>
          </reporter-output>
        </test-method> <!-- end -->
      </class> <!-- ai.ds.testlayer.Buyfunctionality -->
    </test> <!-- Default test -->
  </suite> <!-- Default suite -->
</testng-results>
