<?xml version="1.0" encoding="UTF-8"?>
<!-- Generated by org.testng.reporters.JUnitXMLReporter -->
<testsuite ignored="0" hostname="DESKTOP-N2893VI" failures="0" tests="2" name="Default test" time="60.955" errors="0" timestamp="2023-01-06T16:44:08 GMT-08:00">
  <testcase classname="ai.ds.testlayer.Buyfunctionality" name="verifyBuyLongtermorder" time="12.183"/>
  <testcase classname="ai.ds.testlayer.Buyfunctionality" name="verifyBuyLongtermorder" time="12.096"/>
</testsuite> <!-- Default test -->
