<?xml version="1.0" encoding="UTF-8"?>
<!-- Generated by org.testng.reporters.JUnitXMLReporter -->
<testsuite ignored="8" hostname="DESKTOP-N2893VI" failures="0" tests="10" name="ClassLevelTest" time="0.216" errors="0" timestamp="2022-12-12T18:59:22 GMT-08:00">
  <testcase classname="Kenjale.PracticeMaven.Pra_Dependsonenabled" name="a1" time="0.023"/>
  <testcase classname="Kenjale.PracticeMaven.Pra_Dependsonenabled" name="sksk" time="0.005"/>
  <testcase classname="Kenjale.PracticeMaven.Pra_Dependsonenabled" name="a2" time="0.004"/>
  <testcase classname="Kenjale.PracticeMaven.Pra_Dependsonenabled" name="ss" time="0.003"/>
  <testcase classname="Kenjale.PracticeMaven.Groupspra" name="cx" time="0.004"/>
  <testcase classname="Kenjale.PracticeMaven.Groupspra" name="js" time="0.004"/>
  <testcase classname="Kenjale.PracticeMaven.Groupspra" name="ms" time="0.005"/>
  <testcase classname="Kenjale.PracticeMaven.Groupspra" name="nd" time="0.005"/>
  <testcase classname="Kenjale.PracticeMaven.Groupspra" name="ps" time="0.003"/>
  <testcase classname="Kenjale.PracticeMaven.Groupspra" name="xf" time="0.003"/>
  <testcase classname="Kenjale.PracticeMaven.Prioritypractice" name="def" time="0.0">
    <ignored/>
  </testcase> <!-- def -->
  <testcase classname="Kenjale.PracticeMaven.Prioritypractice" name="aks2" time="0.0">
    <ignored/>
  </testcase> <!-- aks2 -->
  <testcase classname="Kenjale.PracticeMaven.NewTestPrac" name="scenario" time="0.0">
    <ignored/>
  </testcase> <!-- scenario -->
  <testcase classname="Kenjale.PracticeMaven.Prioritypractice" name="pqr" time="0.0">
    <ignored/>
  </testcase> <!-- pqr -->
  <testcase classname="Kenjale.PracticeMaven.Pra_Dependsonenabled" name="hfh" time="0.0">
    <ignored/>
  </testcase> <!-- hfh -->
  <testcase classname="Kenjale.PracticeMaven.Prioritypractice" name="aks" time="0.0">
    <ignored/>
  </testcase> <!-- aks -->
  <testcase classname="Kenjale.PracticeMaven.Prioritypractice" name="hij" time="0.0">
    <ignored/>
  </testcase> <!-- hij -->
  <testcase classname="Kenjale.PracticeMaven.Prioritypractice" name="xyz" time="0.0">
    <ignored/>
  </testcase> <!-- xyz -->
</testsuite> <!-- ClassLevelTest -->
