<?xml version="1.0" encoding="UTF-8"?>
<!-- Generated by org.testng.reporters.JUnitXMLReporter -->
<testsuite ignored="0" hostname="DESKTOP-N2893VI" failures="0" tests="6" name="Default test" time="0.169" errors="0" timestamp="2023-01-17T14:31:35 GMT-08:00">
  <testcase classname="Kenjale.PracticeMaven.Prioritypractice" name="def" time="0.019"/>
  <testcase classname="Kenjale.PracticeMaven.Prioritypractice" name="hij" time="0.004"/>
  <testcase classname="Kenjale.PracticeMaven.Prioritypractice" name="pqr" time="0.003"/>
  <testcase classname="Kenjale.PracticeMaven.Prioritypractice" name="xyz" time="0.006"/>
  <testcase classname="Kenjale.PracticeMaven.Prioritypractice" name="aks" time="0.012"/>
  <testcase classname="Kenjale.PracticeMaven.Prioritypractice" name="aks2" time="0.009"/>
</testsuite> <!-- Default test -->
